c:\users\samue\source\repos\firstgui\firstgui\x64\debug\vc143.pdb
c:\users\samue\source\repos\firstgui\firstgui\x64\debug\vc143.idb
c:\users\samue\source\repos\firstgui\firstgui\x64\debug\mainframe.obj
c:\users\samue\source\repos\firstgui\firstgui\x64\debug\app.obj
c:\users\samue\source\repos\firstgui\firstgui\x64\debug\juegoframe.obj
c:\users\samue\source\repos\firstgui\firstgui\x64\debug\blackjackgameframe.obj
c:\users\samue\source\repos\firstgui\firstgui\x64\debug\persona.obj
c:\users\samue\source\repos\firstgui\firstgui\x64\debug\mazo.obj
c:\users\samue\source\repos\firstgui\firstgui\x64\debug\mano.obj
c:\users\samue\source\repos\firstgui\firstgui\x64\debug\jugador.obj
c:\users\samue\source\repos\firstgui\firstgui\x64\debug\crupier.obj
c:\users\samue\source\repos\firstgui\firstgui\x64\debug\carta.obj
c:\users\samue\source\repos\firstgui\firstgui\x64\debug\blackjack.obj
c:\users\samue\source\repos\firstgui\x64\debug\firstgui.exe
c:\users\samue\source\repos\firstgui\x64\debug\firstgui.pdb
c:\users\samue\source\repos\firstgui\firstgui\x64\debug\firstgui.res
c:\users\samue\source\repos\firstgui\firstgui\x64\debug\firstgui.ilk
c:\users\samue\source\repos\firstgui\firstgui\x64\debug\main.obj
c:\users\samue\source\repos\firstgui\firstgui\x64\debug\firstgui.tlog\cl.command.1.tlog
c:\users\samue\source\repos\firstgui\firstgui\x64\debug\firstgui.tlog\cl.items.tlog
c:\users\samue\source\repos\firstgui\firstgui\x64\debug\firstgui.tlog\cl.read.1.tlog
c:\users\samue\source\repos\firstgui\firstgui\x64\debug\firstgui.tlog\cl.write.1.tlog
c:\users\samue\source\repos\firstgui\firstgui\x64\debug\firstgui.tlog\link.command.1.tlog
c:\users\samue\source\repos\firstgui\firstgui\x64\debug\firstgui.tlog\link.read.1.tlog
c:\users\samue\source\repos\firstgui\firstgui\x64\debug\firstgui.tlog\link.secondary.1.tlog
c:\users\samue\source\repos\firstgui\firstgui\x64\debug\firstgui.tlog\link.write.1.tlog
c:\users\samue\source\repos\firstgui\firstgui\x64\debug\firstgui.tlog\rc.command.1.tlog
c:\users\samue\source\repos\firstgui\firstgui\x64\debug\firstgui.tlog\rc.read.1.tlog
c:\users\samue\source\repos\firstgui\firstgui\x64\debug\firstgui.tlog\rc.write.1.tlog
